<?xml version="1.0" encoding="UTF-8"?>
<!-- Generated by org.testng.reporters.JUnitReportReporter -->
<testsuite hostname="DESKTOP-4SJ7EB6" failures="0" tests="1" name="eCommarceProject.Flipkart" time="17.105" errors="0" timestamp="2023-07-26T14:52:46 IST" skipped="0">
  <testcase classname="eCommarceProject.Flipkart" name="flipkarttest" time="17.105"/>
  <system-out>
    <![CDATA[opening flipkart]]>
  </system-out>
</testsuite> <!-- eCommarceProject.Flipkart -->
