<?xml version="1.0" encoding="UTF-8"?>
<!-- Generated by org.testng.reporters.JUnitReportReporter -->
<testsuite hostname="DESKTOP-4SJ7EB6" failures="0" tests="1" name="eCommarceProject.Ajio" time="23.079" errors="0" timestamp="2023-07-26T14:52:46 IST" skipped="0">
  <testcase classname="eCommarceProject.Ajio" name="ajiotest" time="23.079"/>
  <system-out>
    <![CDATA[opening ajio]]>
  </system-out>
</testsuite> <!-- eCommarceProject.Ajio -->
